nohup: ignoring input
2020-07-08 00:10:20.032  INFO 1948 --- [           main] lavalink.server.Launcher                 : 

[32m       .  [31m _                  _ _       _    [32m__ _ _
[32m      /\\ [31m| | __ ___   ____ _| (_)_ __ | | __[32m\ \ \ \
[32m     ( ( )[31m| |/ _` \ \ / / _` | | | '_ \| |/ /[32m \ \ \ \
[32m      \\/ [31m| | (_| |\ V / (_| | | | | | |   < [32m  ) ) ) )
[32m       '  [31m|_|\__,_| \_/ \__,_|_|_|_| |_|_|\_\[32m / / / /
[0m    =========================================[32m/_/_/_/[0m

	Version:        606fbf3ca475d39e15183fe91ab0149fa17d0fe9-SNAPSHOT
	Build:          1061
	Build time:     29.05.2020 10:23:19 UTC
	Branch          master
	Commit:         606fbf3
	Commit time:    29.05.2020 10:19:10 UTC
	JVM:            11.0.7
	Lavaplayer      1.3.49

2020-07-08 00:10:20.391  INFO 1948 --- [           main] lavalink.server.Launcher                 : Starting Launcher on tunesbot.xyz with PID 1948 (/root/bot/Lavalink.jar started by root in /root/bot)
2020-07-08 00:10:20.393  INFO 1948 --- [           main] lavalink.server.Launcher                 : No active profile set, falling back to default profiles: default
2020-07-08 00:10:20.628  WARN 1948 --- [kground-preinit] o.s.h.c.j.Jackson2ObjectMapperBuilder    : For Jackson Kotlin classes support please add "com.fasterxml.jackson.module:jackson-module-kotlin" to the classpath
2020-07-08 00:10:23.566  WARN 1948 --- [           main] io.undertow.websockets.jsr               : UT026010: Buffer pool was not set on WebSocketDeploymentInfo, the default pool will be used
2020-07-08 00:10:23.625  INFO 1948 --- [           main] io.undertow.servlet                      : Initializing Spring embedded WebApplicationContext
2020-07-08 00:10:23.626  INFO 1948 --- [           main] o.s.web.context.ContextLoader            : Root WebApplicationContext: initialization completed in 3072 ms
2020-07-08 00:10:24.817  WARN 1948 --- [           main] l.server.config.SentryConfiguration      : Turning off sentry
2020-07-08 00:10:24.860  INFO 1948 --- [           main] l.s.c.AudioSendFactoryConfiguration      : OS: Linux, Arch: amd64
2020-07-08 00:10:24.860  INFO 1948 --- [           main] l.s.c.AudioSendFactoryConfiguration      : JDA-NAS supported system detected. Enabled native audio sending.
2020-07-08 00:10:24.861  INFO 1948 --- [           main] l.s.c.AudioSendFactoryConfiguration      : Setting buffer to 400ms
2020-07-08 00:10:24.861  INFO 1948 --- [           main] l.s.c.AudioSendFactoryConfiguration      : Setting playlist load limit to 6
2020-07-08 00:10:25.668  INFO 1948 --- [           main] c.s.d.l.tools.GarbageCollectionMonitor   : GC monitoring enabled, reporting results every 2 minutes.
2020-07-08 00:10:26.877  INFO 1948 --- [           main] o.s.s.concurrent.ThreadPoolTaskExecutor  : Initializing ExecutorService 'applicationTaskExecutor'
2020-07-08 00:10:28.596  INFO 1948 --- [           main] org.xnio                                 : XNIO version 3.3.8.Final
2020-07-08 00:10:28.648  INFO 1948 --- [           main] org.xnio.nio                             : XNIO NIO Implementation Version 3.3.8.Final
WARNING: An illegal reflective access operation has occurred
WARNING: Illegal reflective access by org.xnio.nio.NioXnio$2 (jar:file:/root/bot/Lavalink.jar!/BOOT-INF/lib/xnio-nio-3.3.8.Final.jar!/) to constructor sun.nio.ch.EPollSelectorProvider()
WARNING: Please consider reporting this to the maintainers of org.xnio.nio.NioXnio$2
WARNING: Use --illegal-access=warn to enable warnings of further illegal reflective access operations
WARNING: All illegal access operations will be denied in a future release
2020-07-08 00:10:28.990  INFO 1948 --- [           main] ConditionEvaluationReportLoggingListener : 

Error starting ApplicationContext. To display the conditions report re-run your application with 'debug' enabled.
2020-07-08 00:10:29.008 ERROR 1948 --- [           main] lavalink.server.Launcher                 : Application failed

org.springframework.boot.web.server.PortInUseException: Port 5656 is already in use
	at org.springframework.boot.web.embedded.undertow.UndertowServletWebServer.start(UndertowServletWebServer.java:154) ~[spring-boot-2.1.8.RELEASE.jar!/:2.1.8.RELEASE]
	at org.springframework.boot.web.servlet.context.ServletWebServerApplicationContext.startWebServer(ServletWebServerApplicationContext.java:297) ~[spring-boot-2.1.8.RELEASE.jar!/:2.1.8.RELEASE]
	at org.springframework.boot.web.servlet.context.ServletWebServerApplicationContext.finishRefresh(ServletWebServerApplicationContext.java:163) ~[spring-boot-2.1.8.RELEASE.jar!/:2.1.8.RELEASE]
	at org.springframework.context.support.AbstractApplicationContext.refresh(AbstractApplicationContext.java:552) ~[spring-context-5.1.9.RELEASE.jar!/:5.1.9.RELEASE]
	at org.springframework.boot.web.servlet.context.ServletWebServerApplicationContext.refresh(ServletWebServerApplicationContext.java:141) ~[spring-boot-2.1.8.RELEASE.jar!/:2.1.8.RELEASE]
	at org.springframework.boot.SpringApplication.refresh(SpringApplication.java:744) ~[spring-boot-2.1.8.RELEASE.jar!/:2.1.8.RELEASE]
	at org.springframework.boot.SpringApplication.refreshContext(SpringApplication.java:391) ~[spring-boot-2.1.8.RELEASE.jar!/:2.1.8.RELEASE]
	at org.springframework.boot.SpringApplication.run(SpringApplication.java:312) ~[spring-boot-2.1.8.RELEASE.jar!/:2.1.8.RELEASE]
	at lavalink.server.Launcher.main(Launcher.kt:127) ~[classes!/:na]
	at java.base/jdk.internal.reflect.NativeMethodAccessorImpl.invoke0(Native Method) ~[na:na]
	at java.base/jdk.internal.reflect.NativeMethodAccessorImpl.invoke(NativeMethodAccessorImpl.java:62) ~[na:na]
	at java.base/jdk.internal.reflect.DelegatingMethodAccessorImpl.invoke(DelegatingMethodAccessorImpl.java:43) ~[na:na]
	at java.base/java.lang.reflect.Method.invoke(Method.java:566) ~[na:na]
	at org.springframework.boot.loader.MainMethodRunner.run(MainMethodRunner.java:48) ~[Lavalink.jar:na]
	at org.springframework.boot.loader.Launcher.launch(Launcher.java:87) ~[Lavalink.jar:na]
	at org.springframework.boot.loader.Launcher.launch(Launcher.java:51) ~[Lavalink.jar:na]
	at org.springframework.boot.loader.JarLauncher.main(JarLauncher.java:52) ~[Lavalink.jar:na]

2020-07-08 00:10:29.018 ERROR 1948 --- [           main] o.s.b.d.LoggingFailureAnalysisReporter   : 

***************************
APPLICATION FAILED TO START
***************************

Description:

Web server failed to start. Port 5656 was already in use.

Action:

Identify and stop the process that's listening on port 5656 or configure this application to listen on another port.

2020-07-08 00:10:29.033  INFO 1948 --- [           main] o.s.s.concurrent.ThreadPoolTaskExecutor  : Shutting down ExecutorService 'applicationTaskExecutor'
2020-07-08 00:10:29.038  INFO 1948 --- [           main] c.s.d.l.tools.GarbageCollectionMonitor   : GC monitoring disabled.
